<?xml version="1.0" encoding="UTF-8"?>
<coverage generated="1677517574255" clover="3.2.0">
  <project timestamp="1677517574255" name="All files">
    <metrics statements="30" coveredstatements="6" conditionals="10" coveredconditionals="0" methods="5" coveredmethods="0" elements="45" coveredelements="6" complexity="0" loc="30" ncloc="30" packages="1" files="5" classes="5"/>
    <file name="addToInventory.js" path="/home/hades/Desktop/ComeçandoProjeto/sd-030-exercise-inventory-functions/src/addToInventory.js">
      <metrics statements="5" coveredstatements="1" conditionals="2" coveredconditionals="0" methods="1" coveredmethods="0"/>
      <line num="2" count="0" type="cond" truecount="0" falsecount="2"/>
      <line num="3" count="0" type="stmt"/>
      <line num="5" count="0" type="stmt"/>
      <line num="6" count="0" type="stmt"/>
      <line num="9" count="1" type="stmt"/>
    </file>
    <file name="clearInventory.js" path="/home/hades/Desktop/ComeçandoProjeto/sd-030-exercise-inventory-functions/src/clearInventory.js">
      <metrics statements="6" coveredstatements="1" conditionals="2" coveredconditionals="0" methods="1" coveredmethods="0"/>
      <line num="2" count="0" type="stmt"/>
      <line num="3" count="0" type="stmt"/>
      <line num="4" count="0" type="cond" truecount="0" falsecount="2"/>
      <line num="5" count="0" type="stmt"/>
      <line num="7" count="0" type="stmt"/>
      <line num="12" count="1" type="stmt"/>
    </file>
    <file name="decrementQuantity.js" path="/home/hades/Desktop/ComeçandoProjeto/sd-030-exercise-inventory-functions/src/decrementQuantity.js">
      <metrics statements="9" coveredstatements="2" conditionals="4" coveredconditionals="0" methods="1" coveredmethods="0"/>
      <line num="1" count="1" type="stmt"/>
      <line num="4" count="0" type="cond" truecount="0" falsecount="2"/>
      <line num="5" count="0" type="stmt"/>
      <line num="7" count="0" type="stmt"/>
      <line num="8" count="0" type="cond" truecount="0" falsecount="2"/>
      <line num="9" count="0" type="stmt"/>
      <line num="11" count="0" type="stmt"/>
      <line num="12" count="0" type="stmt"/>
      <line num="15" count="1" type="stmt"/>
    </file>
    <file name="findItem.js" path="/home/hades/Desktop/ComeçandoProjeto/sd-030-exercise-inventory-functions/src/findItem.js">
      <metrics statements="5" coveredstatements="1" conditionals="2" coveredconditionals="0" methods="1" coveredmethods="0"/>
      <line num="2" count="0" type="stmt"/>
      <line num="3" count="0" type="cond" truecount="0" falsecount="2"/>
      <line num="4" count="0" type="stmt"/>
      <line num="7" count="0" type="stmt"/>
      <line num="10" count="2" type="stmt"/>
    </file>
    <file name="getInventoryValue.js" path="/home/hades/Desktop/ComeçandoProjeto/sd-030-exercise-inventory-functions/src/getInventoryValue.js">
      <metrics statements="5" coveredstatements="1" conditionals="0" coveredconditionals="0" methods="1" coveredmethods="0"/>
      <line num="2" count="0" type="stmt"/>
      <line num="3" count="0" type="stmt"/>
      <line num="4" count="0" type="stmt"/>
      <line num="6" count="0" type="stmt"/>
      <line num="9" count="1" type="stmt"/>
    </file>
  </project>
</coverage>
