TN:
SF:src/addToInventory.js
FN:1,addToInventory
FNF:1
FNH:0
FNDA:0,addToInventory
DA:2,0
DA:3,0
DA:5,0
DA:6,0
DA:9,1
LF:5
LH:1
BRDA:2,0,0,0
BRDA:2,0,1,0
BRF:2
BRH:0
end_of_record
TN:
SF:src/clearInventory.js
FN:1,clearInventory
FNF:1
FNH:0
FNDA:0,clearInventory
DA:2,0
DA:3,0
DA:4,0
DA:5,0
DA:7,0
DA:12,1
LF:6
LH:1
BRDA:4,0,0,0
BRDA:4,0,1,0
BRF:2
BRH:0
end_of_record
TN:
SF:src/decrementQuantity.js
FN:3,decrementQuantity
FNF:1
FNH:0
FNDA:0,decrementQuantity
DA:1,1
DA:4,0
DA:5,0
DA:7,0
DA:8,0
DA:9,0
DA:11,0
DA:12,0
DA:15,1
LF:9
LH:2
BRDA:4,0,0,0
BRDA:4,0,1,0
BRDA:8,1,0,0
BRDA:8,1,1,0
BRF:4
BRH:0
end_of_record
TN:
SF:src/findItem.js
FN:1,findItem
FNF:1
FNH:0
FNDA:0,findItem
DA:2,0
DA:3,0
DA:4,0
DA:7,0
DA:10,2
LF:5
LH:1
BRDA:3,0,0,0
BRDA:3,0,1,0
BRF:2
BRH:0
end_of_record
TN:
SF:src/getInventoryValue.js
FN:1,getInventoryValue
FNF:1
FNH:0
FNDA:0,getInventoryValue
DA:2,0
DA:3,0
DA:4,0
DA:6,0
DA:9,1
LF:5
LH:1
BRF:0
BRH:0
end_of_record
